# JRE version: Java(TM) SE Runtime Environment 18.9 (11.0.12+8) (build 11.0.12+8-LTS-237)
# Java VM: Java HotSpot(TM) 64-Bit Server VM 18.9 (11.0.12+8-LTS-237, mixed mode, tiered, compressed oops, g1 gc, bsd-amd64)
Heap:
 garbage-first heap   total 65536K, used 6421K [0x00000007c0000000, 0x0000000800000000)
  region size 1024K, 4 young (4096K), 2 survivors (2048K)
 Metaspace       used 25115K, capacity 25651K, committed 25856K, reserved 1073152K
  class space    used 2804K, capacity 3045K, committed 3072K, reserved 1048576K
GC Heap History (6 events):
Event: 4.668 GC heap before
{Heap before GC invocations=0 (full 0):
 garbage-first heap   total 65536K, used 14336K [0x00000007c0000000, 0x0000000800000000)
  region size 1024K, 14 young (14336K), 0 survivors (0K)
 Metaspace       used 18283K, capacity 18768K, committed 18944K, reserved 1067008K
  class space    used 2057K, capacity 2283K, committed 2304K, reserved 1048576K
}
Event: 4.684 GC heap after
{Heap after GC invocations=1 (full 0):
 garbage-first heap   total 65536K, used 3330K [0x00000007c0000000, 0x0000000800000000)
  region size 1024K, 2 young (2048K), 2 survivors (2048K)
 Metaspace       used 18283K, capacity 18768K, committed 18944K, reserved 1067008K
  class space    used 2057K, capacity 2283K, committed 2304K, reserved 1048576K
}
Event: 4.897 GC heap before
{Heap before GC invocations=1 (full 0):
 garbage-first heap   total 65536K, used 8450K [0x00000007c0000000, 0x0000000800000000)
  region size 1024K, 8 young (8192K), 2 survivors (2048K)
 Metaspace       used 20625K, capacity 21053K, committed 21248K, reserved 1069056K
  class space    used 2337K, capacity 2549K, committed 2560K, reserved 1048576K
}
Event: 4.916 GC heap after
{Heap after GC invocations=2 (full 0):
 garbage-first heap   total 65536K, used 4545K [0x00000007c0000000, 0x0000000800000000)
  region size 1024K, 4 young (4096K), 4 survivors (4096K)
 Metaspace       used 20625K, capacity 21053K, committed 21248K, reserved 1069056K
  class space    used 2337K, capacity 2549K, committed 2560K, reserved 1048576K
}
Event: 53.216 GC heap before
{Heap before GC invocations=3 (full 0):
 garbage-first heap   total 65536K, used 11713K [0x00000007c0000000, 0x0000000800000000)
  region size 1024K, 12 young (12288K), 4 survivors (4096K)
 Metaspace       used 24984K, capacity 25523K, committed 25856K, reserved 1073152K
  class space    used 2804K, capacity 3045K, committed 3072K, reserved 1048576K
}
Event: 53.230 GC heap after
{Heap after GC invocations=4 (full 0):
 garbage-first heap   total 65536K, used 5397K [0x00000007c0000000, 0x0000000800000000)
  region size 1024K, 2 young (2048K), 2 survivors (2048K)
 Metaspace       used 24984K, capacity 25523K, committed 25856K, reserved 1073152K
  class space    used 2804K, capacity 3045K, committed 3072K, reserved 1048576K
}

